make all --print-data-base --no-builtin-variables --no-builtin-rules --question
# GNU Make 4.3
# Built for x86_64-pc-linux-gnu
# Copyright (C) 1988-2020 Free Software Foundation, Inc.
# License GPLv3+: GNU GPL version 3 or later <http://gnu.org/licenses/gpl.html>
# This is free software: you are free to change and redistribute it.
# There is NO WARRANTY, to the extent permitted by law.

# Make data base, printed on Sun Oct  2 18:26:34 2022

# Variables

# makefile (from 'Makefile', line 6)
TARGET_DIR = target
# environment
GDK_BACKEND = x11
# environment
LC_ALL = C
# environment
NO_AT_BRIDGE = 1
# environment
SNAP_INSTANCE_KEY = 
# environment
TERMINATOR_DBUS_NAME = net.tenshu.Terminator21a9d5db22c73a993ff0b42f64b396873
# environment
GNOME_KEYRING_CONTROL = /run/user/1000/keyring
# makefile (from 'Makefile', line 4)
SRC_DIR = src
# environment
LC_NAME = it_IT.UTF-8
# environment
LC_NUMERIC = it_IT.UTF-8
# environment
VSCODE_CWD = /home/nic/dev/virtual-machine/vm_cpp
# environment
TERMINATOR_UUID = urn:uuid:bf1ceaee-b5c3-4f76-abb3-b76262bc071f
# environment
LC_ADDRESS = it_IT.UTF-8
# default
MAKE_COMMAND := make
# environment
GTK3_MODULES = xapp-gtk3-module:xapp-gtk3-module
# makefile (from 'Makefile', line 2)
STD = c++17
# automatic
@D = $(patsubst %/,%,$(dir $@))
# environment
SNAP_INSTANCE_NAME = code
# environment
GDK_PIXBUF_MODULEDIR = /snap/code/108/usr/lib/x86_64-linux-gnu/gdk-pixbuf-2.0/2.10.0/loaders
# environment
VSCODE_HANDLES_UNCAUGHT_ERRORS = true
# default
.VARIABLES := 
# environment
PWD = /home/nic/dev/virtual-machine/vm_cpp
# automatic
%D = $(patsubst %/,%,$(dir $%))
# environment
MAIL = /var/spool/mail/nic
# environment
XDG_DATA_DIRS = /home/nic/.local/share/flatpak/exports/share:/var/lib/flatpak/exports/share:/usr/local/share:/usr/share:/var/lib/snapd/desktop:/usr/share
# environment
OLDPWD = /home/nic/dev/virtual-machine
# automatic
^D = $(patsubst %/,%,$(dir $^))
# automatic
%F = $(notdir $%)
# environment
VSCODE_CODE_CACHE_PATH = /home/nic/.config/Code/CachedData/74b1f979648cc44d385a2286793c226e611f59e7
# environment
XDG_SESSION_PATH = /org/freedesktop/DisplayManager/Session2
# environment
LANG = C
# environment
XAUTHORITY = /home/nic/.Xauthority
# default
.LOADED := 
# default
.INCLUDE_DIRS = /usr/include /usr/local/include /usr/include
# makefile
MAKEFLAGS = pqrR
# environment
TERMINATOR_DBUS_PATH = /net/tenshu/Terminator2
# makefile
CURDIR := /home/nic/dev/virtual-machine/vm_cpp
# environment
APPLICATION_INSIGHTS_NO_DIAGNOSTIC_CHANNEL = 1
# automatic
*D = $(patsubst %/,%,$(dir $*))
# environment
MFLAGS = -pqrR
# environment
SSH_AUTH_SOCK = /run/user/1000/keyring/ssh
# default
.SHELLFLAGS := -c
# environment
XDG_CONFIG_DIRS = /etc/xdg
# automatic
+D = $(patsubst %/,%,$(dir $+))
# environment
XDG_SESSION_DESKTOP = XFCE
# makefile (from 'Makefile', line 1)
MAKEFILE_LIST := Makefile
# environment
SNAP_REEXEC = 
# automatic
@F = $(notdir $@)
# makefile (from 'Makefile', line 15)
WARNINGS = -Wall -Wextra -Werror
# environment
VSCODE_PID = 322299
# environment
XDG_SESSION_TYPE = x11
# automatic
?D = $(patsubst %/,%,$(dir $?))
# environment
SESSION_MANAGER = local/asus:@/tmp/.ICE-unix/1449,unix/asus:/tmp/.ICE-unix/1449
# automatic
*F = $(notdir $*)
# environment
QT_QPA_PLATFORMTHEME = qt5ct
# environment
CHROME_DESKTOP = code-url-handler.desktop
# environment
DBUS_SESSION_BUS_ADDRESS = unix:path=/run/user/1000/bus
# automatic
<D = $(patsubst %/,%,$(dir $<))
# environment
VSCODE_NLS_CONFIG = {"locale":"en-us","availableLanguages":{},"_languagePackSupport":true}
# default
MAKE_HOST := x86_64-pc-linux-gnu
# makefile
SHELL = /bin/sh
# default
MAKECMDGOALS := all
# makefile (from 'Makefile', line 10)
HEADERS = $(shell find $(HEADHER_DIR) -type f -name "*.hh")
# environment
SHLVL = 2
# environment
MAKELEVEL := 0
# default
MAKE = $(MAKE_COMMAND)
# environment
SNAP_COOKIE = Z5GtT_QDaEbM9AadYKjH6jaJwOvOWYLmyKINqNhHG-ZXOtNMRJz2
# environment
PATH = /home/nic/.local/bin:/home/nic/.bin:/home/nic/.cargo/bin:/usr/local/sbin:/usr/local/bin:/usr/bin:/var/lib/flatpak/exports/bin:/usr/bin/site_perl:/usr/bin/vendor_perl:/usr/bin/core_perl:/var/lib/snapd/snap/bin
# default
MAKEFILES := 
# environment
LC_MONETARY = it_IT.UTF-8
# environment
MOTD_SHOWN = pam
# automatic
^F = $(notdir $^)
# environment
SNAP_USER_COMMON = /home/nic/snap/code/common
# environment
LC_TIME = it_IT.UTF-8
# environment
SNAP = /snap/code/108
# environment
SNAP_REVISION = 108
# environment
SNAP_REAL_HOME = /home/nic
# environment
LC_TELEPHONE = it_IT.UTF-8
# automatic
?F = $(notdir $?)
# environment
XDG_SEAT = seat0
# environment
XDG_CURRENT_DESKTOP = XFCE
# automatic
+F = $(notdir $+)
# environment
XDG_SEAT_PATH = /org/freedesktop/DisplayManager/Seat0
# environment
DESKTOP_SESSION = xfce
# environment
ORIGINAL_XDG_CURRENT_DESKTOP = XFCE
# 'override' directive
GNUMAKEFLAGS := 
# environment
BROWSER = firefox
# environment
LOGNAME = nic
# makefile (from 'Makefile', line 14)
C_FLAGS = -std=$(STD) -I $(HEADER_DIR)
# environment
SNAP_ARCH = amd64
# environment
XDG_VTNR = 1
# makefile
.DEFAULT_GOAL := all
# environment
HISTCONTROL = ignoreboth:erasedups
# environment
EDITOR = nano
# environment
DISPLAY = :0.0
# environment
GTK_MODULES = canberra-gtk-module:canberra-gtk-module
# environment
USER = nic
# default
MAKE_VERSION := 4.3
# makefile (from 'Makefile', line 5)
HEADER_DIR = headers
# 'override' directive
.SHELLSTATUS := 0
# environment
SNAP_DATA = /var/snap/code/108
# environment
SNAP_CONTEXT = Z5GtT_QDaEbM9AadYKjH6jaJwOvOWYLmyKINqNhHG-ZXOtNMRJz2
# environment
LC_MEASUREMENT = it_IT.UTF-8
# environment
QT_STYLE_OVERRIDE = kvantum
# environment
PAGER = most
# environment
_ = /usr/bin/make
# environment
LC_PAPER = it_IT.UTF-8
# environment
XDG_RUNTIME_DIR = /run/user/1000
# environment
COLORTERM = truecolor
# environment
GDK_PIXBUF_MODULE_FILE = /home/nic/snap/code/common/.cache/gdk-pixbuf-loaders.cache
# environment
VISUAL = nano
# environment
XDG_SESSION_CLASS = user
# environment
VSCODE_AMD_ENTRYPOINT = vs/workbench/api/node/extensionHostProcess
# environment
HOME = /home/nic
# environment
ELECTRON_RUN_AS_NODE = 1
# environment
VSCODE_IPC_HOOK = /run/user/1000/vscode-7fdfc031-1.71.2-main.sock
# environment
TERM = xterm-256color
# environment
SNAP_NAME = code
# environment
GSETTINGS_SCHEMA_DIR = /snap/code/108/usr/share/glib-2.0/schemas
# environment
XDG_SESSION_ID = 2
# default
.RECIPEPREFIX := 
# automatic
<F = $(notdir $<)
# environment
SNAP_VERSION = 74b1f979
# default
SUFFIXES := 
# makefile (from 'Makefile', line 11)
TARGET = $(TARGET_DIR)/vm
# environment
VSCODE_CLI = 1
# environment
ELECTRON_NO_ATTACH_CONSOLE = 1
# environment
VTE_VERSION = 6800
# environment
SNAP_COMMON = /var/snap/code/common
# default
.FEATURES := target-specific order-only second-expansion else-if shortest-stem undefine oneshell nocomment grouped-target extra-prereqs archives jobserver output-sync check-symlink guile load
# makefile (from 'Makefile', line 1)
CC = g++
# makefile (from 'Makefile', line 9)
SOURCES = $(shell find $(SRC_DIR) -type f -name "*.cpp")
# environment
SNAP_USER_DATA = /home/nic/snap/code/108
# environment
XDG_MENU_PREFIX = xfce-
 
# environment
LC_IDENTIFICATION = it_IT.UTF-8
# environment
SNAP_LIBRARY_PATH = /var/lib/snapd/lib/gl:/var/lib/snapd/lib/gl32:/var/lib/snapd/void
# variable set hash-table stats:
# Load=136/1024=13%, Rehash=0, Collisions=9/211=4%

# Pattern-specific Variable Values

# No pattern-specific variable values.

# Directories

# . (device 2050, inode 3411736): 7 files, no impossibilities.

# 7 files, no impossibilities in 1 directories.

# Implicit Rules

# No implicit rules.

# Files

# Not a target:
src/utils.cpp:
#  Implicit rule search has been done.
#  Last modified 2022-08-30 14:40:51.770765373
#  File has been updated.
#  Successfully updated.

# 'override' directive
target/vm: .SHELLSTATUS := 0
target/vm: src/main.cpp src/byte_code.cpp src/registers.cpp src/argparser.cpp src/memory.cpp src/processor.cpp src/errors.cpp src/utils.cpp headers/utils.hh headers/byte_code.hh headers/argparser.hh headers/processor.hh headers/memory.hh headers/registers.hh headers/errors.hh headers/video.hh target
#  Implicit rule search has not been done.
#  Implicit/static pattern stem: ''
#  Last modified 2022-08-30 15:05:34.936946938
#  File has been updated.
#  Needs to be updated (-q is set).
# automatic
# @ := target/vm
# automatic
# * := 
# automatic
# < := src/main.cpp
# automatic
# + := src/main.cpp src/byte_code.cpp src/registers.cpp src/argparser.cpp src/memory.cpp src/processor.cpp src/errors.cpp src/utils.cpp headers/utils.hh headers/byte_code.hh headers/argparser.hh headers/processor.hh headers/memory.hh headers/registers.hh headers/errors.hh headers/video.hh target
# automatic
# % := 
# automatic
# ^ := src/main.cpp src/byte_code.cpp src/registers.cpp src/argparser.cpp src/memory.cpp src/processor.cpp src/errors.cpp src/utils.cpp headers/utils.hh headers/byte_code.hh headers/argparser.hh headers/processor.hh headers/memory.hh headers/registers.hh headers/errors.hh headers/video.hh target
# automatic
# ? := src/byte_code.cpp src/registers.cpp src/processor.cpp headers/byte_code.hh headers/processor.hh headers/registers.hh
# automatic
# | := 
# variable set hash-table stats:
# Load=9/32=28%, Rehash=0, Collisions=4/24=17%
#  recipe to execute (from 'Makefile', line 26):
	time -f "\nTime elapsed: %E seconds" $(CC) $(C_FLAGS) $(WARNINGS) $(SOURCES) -O3 -o $(TARGET)

# Not a target:
headers/processor.hh:
#  Implicit rule search has been done.
#  Last modified 2022-09-18 16:30:35.100324858
#  File has been updated.
#  Successfully updated.

count:
#  Implicit rule search has not been done.
#  Modification time never checked.
#  File has not been updated.
#  recipe to execute (from 'Makefile', line 38):
	find . -name '*.cpp' -o -name '*.hh' | xargs wc -l | sort -nr

# Not a target:
headers/argparser.hh:
#  Implicit rule search has been done.
#  Last modified 2022-08-30 14:40:51.76743192
#  File has been updated.
#  Successfully updated.

# Not a target:
headers/registers.hh:
#  Implicit rule search has been done.
#  Last modified 2022-09-18 16:28:02.25196699
#  File has been updated.
#  Successfully updated.

# Not a target:
src/registers.cpp:
#  Implicit rule search has been done.
#  Last modified 2022-09-18 16:28:02.255300433
#  File has been updated.
#  Successfully updated.

# Not a target:
Makefile:
#  Implicit rule search has been done.
#  Last modified 2022-08-30 14:42:08.590180352
#  File has been updated.
#  Successfully updated.

# Not a target:
src/main.cpp:
#  Implicit rule search has been done.
#  Last modified 2022-08-30 14:40:51.770765373
#  File has been updated.
#  Successfully updated.

# Not a target:
headers/errors.hh:
#  Implicit rule search has been done.
#  Last modified 2022-08-30 14:40:51.76743192
#  File has been updated.
#  Successfully updated.

clean:
#  Implicit rule search has not been done.
#  Modification time never checked.
#  File has not been updated.
#  recipe to execute (from 'Makefile', line 34):
	rm -f $(TARGET)

# Not a target:
src/argparser.cpp:
#  Implicit rule search has been done.
#  Last modified 2022-08-30 14:50:23.834538275
#  File has been updated.
#  Successfully updated.

builddb: src/main.cpp src/byte_code.cpp src/registers.cpp src/argparser.cpp src/memory.cpp src/processor.cpp src/errors.cpp src/utils.cpp headers/utils.hh headers/byte_code.hh headers/argparser.hh headers/processor.hh headers/memory.hh headers/registers.hh headers/errors.hh headers/video.hh target
#  Implicit rule search has not been done.
#  Modification time never checked.
#  File has not been updated.
#  recipe to execute (from 'Makefile', line 30):
	time -f "\nTime elapsed: %E seconds" $(CC) -g $(C_FLAGS) $(WARNINGS) $(SOURCES) -o $(TARGET)

# Not a target:
src/byte_code.cpp:
#  Implicit rule search has been done.
#  Last modified 2022-09-18 16:33:52.356808356
#  File has been updated.
#  Successfully updated.

# Not a target:
.DEFAULT:
#  Implicit rule search has not been done.
#  Modification time never checked.
#  File has not been updated.

# Not a target:
headers/video.hh:
#  Implicit rule search has been done.
#  Last modified 2022-08-30 14:58:15.958030681
#  File has been updated.
#  Successfully updated.

all: target/vm
#  Command line target.
#  Implicit rule search has been done.
#  File does not exist.
#  File has been updated.
#  Needs to be updated (-q is set).
# variable set hash-table stats:
# Load=0/32=0%, Rehash=0, Collisions=0/15=0%

# Not a target:
src/memory.cpp:
#  Implicit rule search has been done.
#  Last modified 2022-08-30 14:40:51.770765373
#  File has been updated.
#  Successfully updated.

# Not a target:
headers/byte_code.hh:
#  Implicit rule search has been done.
#  Last modified 2022-09-18 16:33:46.883295145
#  File has been updated.
#  Successfully updated.

# Not a target:
headers/memory.hh:
#  Implicit rule search has been done.
#  Last modified 2022-08-30 14:40:51.76743192
#  File has been updated.
#  Successfully updated.

# Not a target:
src/errors.cpp:
#  Implicit rule search has been done.
#  Last modified 2022-08-30 14:40:51.770765373
#  File has been updated.
#  Successfully updated.

# Not a target:
src/processor.cpp:
#  Implicit rule search has been done.
#  Last modified 2022-09-30 22:03:23.389437785
#  File has been updated.
#  Successfully updated.

# Not a target:
headers/utils.hh:
#  Implicit rule search has been done.
#  Last modified 2022-08-30 14:40:51.770765373
#  File has been updated.
#  Successfully updated.

# Not a target:
.SUFFIXES:
#  Implicit rule search has not been done.
#  Modification time never checked.
#  File has not been updated.

target:
#  Implicit rule search has not been done.
#  Last modified 2022-08-30 15:05:34.830276541
#  File has been updated.
#  Successfully updated.
#  recipe to execute (from 'Makefile', line 22):
	mkdir -p $(TARGET_DIR)

# files hash-table stats:
# Load=25/1024=2%, Rehash=0, Collisions=0/73=0%
# VPATH Search Paths

# No 'vpath' search paths.

# No general ('VPATH' variable) search path.

# strcache buffers: 1 (0) / strings = 32 / storage = 409 B / avg = 12 B
# current buf: size = 8162 B / used = 409 B / count = 32 / avg = 12 B

# strcache performance: lookups = 64 / hit rate = 50%
# hash-table stats:
# Load=32/8192=0%, Rehash=0, Collisions=0/64=0%
# Finished Make data base on Sun Oct  2 18:26:34 2022

 
