make all --print-data-base --no-builtin-variables --no-builtin-rules --question
make: *** No rule to make target 'all'.  Stop.

# GNU Make 4.3
# Built for x86_64-pc-linux-gnu
# Copyright (C) 1988-2020 Free Software Foundation, Inc.
# License GPLv3+: GNU GPL version 3 or later <http://gnu.org/licenses/gpl.html>
# This is free software: you are free to change and redistribute it.
# There is NO WARRANTY, to the extent permitted by law.

# Make data base, printed on Mon Jul 11 09:28:59 2022

# Variables

# environment
GDK_BACKEND = x11
# environment
LC_ALL = C
# environment
NO_AT_BRIDGE = 1
# environment
SNAP_INSTANCE_KEY = 
# environment
TERMINATOR_DBUS_NAME = net.tenshu.Terminator21a9d5db22c73a993ff0b42f64b396873
# environment
GNOME_KEYRING_CONTROL = /run/user/1000/keyring
# environment
LC_NAME = it_IT.UTF-8
# environment
LC_NUMERIC = it_IT.UTF-8
# environment
VSCODE_CWD = /home/nic/dev/virtual-machine
# environment
TERMINATOR_UUID = urn:uuid:d4100177-2cee-4a85-acf1-d081c00073df
# environment
LC_ADDRESS = it_IT.UTF-8
# default
MAKE_COMMAND := make
# environment
GTK3_MODULES = xapp-gtk3-module:xapp-gtk3-module
# automatic
@D = $(patsubst %/,%,$(dir $@))
# environment
SNAP_INSTANCE_NAME = code
# environment
GDK_PIXBUF_MODULEDIR = /snap/code/100/usr/lib/x86_64-linux-gnu/gdk-pixbuf-2.0/2.10.0/loaders
# environment
VSCODE_HANDLES_UNCAUGHT_ERRORS = true
# default
.VARIABLES := 
# environment
PWD = /home/nic/dev/virtual-machine
# automatic
%D = $(patsubst %/,%,$(dir $%))
# environment
MAIL = /var/spool/mail/nic
# environment
XDG_DATA_DIRS = /home/nic/.local/share/flatpak/exports/share:/var/lib/flatpak/exports/share:/usr/local/share:/usr/share:/var/lib/snapd/desktop:/usr/share
# environment
OLDPWD = /home/nic/dev
# automatic
^D = $(patsubst %/,%,$(dir $^))
# automatic
%F = $(notdir $%)
# environment
VSCODE_CODE_CACHE_PATH = /home/nic/.config/Code/CachedData/92d25e35d9bf1a6b16f7d0758f25d48ace11e5b9
# environment
XDG_SESSION_PATH = /org/freedesktop/DisplayManager/Session1
# environment
LANG = C
# environment
XAUTHORITY = /home/nic/.Xauthority
# default
.LOADED := 
# default
.INCLUDE_DIRS = /usr/include /usr/local/include /usr/include
# makefile
MAKEFLAGS = pqrR
# environment
TERMINATOR_DBUS_PATH = /net/tenshu/Terminator2
# makefile
CURDIR := /home/nic/dev/virtual-machine
# environment
APPLICATION_INSIGHTS_NO_DIAGNOSTIC_CHANNEL = true
# automatic
*D = $(patsubst %/,%,$(dir $*))
# environment
MFLAGS = -pqrR
# environment
SSH_AUTH_SOCK = /run/user/1000/keyring/ssh
# default
.SHELLFLAGS := -c
# environment
XDG_CONFIG_DIRS = /etc/xdg
# automatic
+D = $(patsubst %/,%,$(dir $+))
# environment
XDG_SESSION_DESKTOP = XFCE
# makefile
MAKEFILE_LIST := 
# environment
SNAP_REEXEC = 
# automatic
@F = $(notdir $@)
# environment
VSCODE_PID = 33870
# environment
XDG_SESSION_TYPE = x11
# automatic
?D = $(patsubst %/,%,$(dir $?))
# environment
SESSION_MANAGER = local/asus:@/tmp/.ICE-unix/1450,unix/asus:/tmp/.ICE-unix/1450
# automatic
*F = $(notdir $*)
# environment
QT_QPA_PLATFORMTHEME = qt5ct
# environment
CHROME_DESKTOP = code-url-handler.desktop
# environment
DBUS_SESSION_BUS_ADDRESS = unix:path=/run/user/1000/bus
# automatic
<D = $(patsubst %/,%,$(dir $<))
# environment
VSCODE_NLS_CONFIG = {"locale":"en-us","availableLanguages":{},"_languagePackSupport":true}
# default
MAKE_HOST := x86_64-pc-linux-gnu
# makefile
SHELL = /bin/sh
# default
MAKECMDGOALS := all
# environment
SHLVL = 2
# environment
MAKELEVEL := 0
# default
MAKE = $(MAKE_COMMAND)
# environment
SNAP_COOKIE = Z5GtT_QDaEbM9AadYKjH6jaJwOvOWYLmyKINqNhHG-ZXOtNMRJz2
# environment
PATH = /home/nic/.bin:/usr/local/sbin:/usr/local/bin:/usr/bin:/usr/bin/site_perl:/usr/bin/vendor_perl:/usr/bin/core_perl:/var/lib/snapd/snap/bin
# default
MAKEFILES := 
# environment
LC_MONETARY = it_IT.UTF-8
# environment
MOTD_SHOWN = pam
# automatic
^F = $(notdir $^)
# environment
SNAP_USER_COMMON = /home/nic/snap/code/common
# environment
LC_TIME = it_IT.UTF-8
# environment
SNAP = /snap/code/100
# environment
SNAP_REVISION = 100
# environment
SNAP_REAL_HOME = /home/nic
# environment
LC_TELEPHONE = it_IT.UTF-8
# automatic
?F = $(notdir $?)
# environment
XDG_SEAT = seat0
# environment
XDG_CURRENT_DESKTOP = XFCE
# automatic
+F = $(notdir $+)
# environment
XDG_SEAT_PATH = /org/freedesktop/DisplayManager/Seat0
# environment
DESKTOP_SESSION = xfce
# environment
ORIGINAL_XDG_CURRENT_DESKTOP = XFCE
# 'override' directive
GNUMAKEFLAGS := 
# environment
BROWSER = firefox
# environment
LOGNAME = nic
# environment
SNAP_ARCH = amd64
# environment
XDG_VTNR = 1
# makefile
.DEFAULT_GOAL := 
# environment
HISTCONTROL = ignoreboth:erasedups
# environment
EDITOR = nano
# environment
DISPLAY = :0.0
# environment
GTK_MODULES = canberra-gtk-module:canberra-gtk-module
# environment
USER = nic
# default
MAKE_VERSION := 4.3
# environment
DISABLE_WAYLAND = 1
# environment
SNAP_DATA = /var/snap/code/100
# environment
SNAP_CONTEXT = Z5GtT_QDaEbM9AadYKjH6jaJwOvOWYLmyKINqNhHG-ZXOtNMRJz2
# environment
LC_MEASUREMENT = it_IT.UTF-8
# environment
QT_STYLE_OVERRIDE = kvantum
# environment
PAGER = most
# environment
_ = /usr/bin/make
# environment
LC_PAPER = it_IT.UTF-8
# environment
XDG_RUNTIME_DIR = /run/user/1000
# environment
COLORTERM = truecolor
# environment
GDK_PIXBUF_MODULE_FILE = /home/nic/snap/code/common/.cache/gdk-pixbuf-loaders.cache
# environment
VISUAL = nano
# environment
XDG_SESSION_CLASS = user
# environment
VSCODE_AMD_ENTRYPOINT = vs/workbench/api/node/extensionHostProcess
# environment
HOME = /home/nic
# environment
ELECTRON_RUN_AS_NODE = 1
# environment
VSCODE_IPC_HOOK = /run/user/1000/vscode-7fdfc031-1.69.0-main.sock
# environment
TERM = xterm-256color
# environment
SNAP_NAME = code
# environment
GSETTINGS_SCHEMA_DIR = /snap/code/100/usr/share/glib-2.0/schemas
# environment
XDG_SESSION_ID = 2
# default
.RECIPEPREFIX := 
# automatic
<F = $(notdir $<)
# environment
SNAP_VERSION = 92d25e35
# default
SUFFIXES := 
# environment
VSCODE_CLI = 1
# environment
ELECTRON_NO_ATTACH_CONSOLE = 1
# environment
VTE_VERSION = 6800
# environment
SNAP_COMMON = /var/snap/code/common
# default
.FEATURES := target-specific order-only second-expansion else-if shortest-stem undefine oneshell nocomment grouped-target extra-prereqs archives jobserver output-sync check-symlink guile load
# environment
SNAP_USER_DATA = /home/nic/snap/code/100
# environment
XDG_MENU_PREFIX = xfce-
# environment
LC_IDENTIFICATION = it_IT.UTF-8
# environment
SNAP_LIBRARY_PATH = /var/lib/snapd/lib/gl:/var/lib/snapd/lib/gl32:/var/lib/snapd/void
# variable set hash-table stats:
# Load=126/1024=12%, Rehash=0, Collisions=7/153=5%

# Pattern-specific Variable Values

# No pattern-specific variable values.

# Directories

# . (device 2050, inode 3409184): 13 files, no impossibilities.

# 13 files, no impossibilities in 1 directories.

# Implicit Rules

# No implicit rules.

# Files

# Not a target:
Makefile:
#  Implicit rule search has been done.
#  File does not exist.
#  File has been updated.
#  Failed to be updated.

# Not a target:
.DEFAULT:
#  Implicit rule search has not been done.
#  Modification time never checked.
 
#  File has not been updated.

# Not a target:
all:
#  Command line target.
#  Implicit rule search has been done.
#  File does not exist.
#  File has not been updated.

# Not a target:
makefile:
#  Implicit rule search has been done.
#  File does not exist.
#  File has been updated.
#  Failed to be updated.

# Not a target:
GNUmakefile:
#  Implicit rule search has been done.
#  File does not exist.
#  File has been updated.
#  Failed to be updated.

# files hash-table stats:
# Load=6/1024=1%, Rehash=0, Collisions=0/15=0%
# VPATH Search Paths

# No 'vpath' search paths.

# No general ('VPATH' variable) search path.

# strcache buffers: 1 (0) / strings = 21 / storage = 180 B / avg = 8 B
# current buf: size = 8162 B / used = 180 B / count = 21 / avg = 8 B

# strcache performance: lookups = 24 / hit rate = 12%
# hash-table stats:
# Load=21/8192=0%, Rehash=0, Collisions=0/24=0%
# Finished Make data base on Mon Jul 11 09:28:59 2022

 
